<?xml version="1.0" encoding="utf-8"?><testsuites><testsuite name="pytest" errors="0" failures="0" skipped="0" tests="3" time="0.794" timestamp="2024-05-03T15:25:25.655799" hostname="Loyals-M3-Max.local"><testcase classname="Work.Goff Lab.Projects.Active.CoGAPS_in_pyro.tests.test_guide" name="test_guide_params" time="0.007" /><testcase classname="Work.Goff Lab.Projects.Active.CoGAPS_in_pyro.tests.test_model" name="test_shapes" time="0.001" /><testcase classname="Work.Goff Lab.Projects.Active.CoGAPS_in_pyro.tests.test_model" name="test_positive" time="0.000" /></testsuite></testsuites>